2016-01-21 19:18:14,583 [10] INFO  coloredRichTextBoxAppender [(null)] - inti log4net   ... success
2016-01-21 19:18:15,272 [10] INFO  coloredRichTextBoxAppender [(null)] - load app infos  ... success
2016-01-21 19:18:15,277 [10] INFO  coloredRichTextBoxAppender [(null)] - additionalTopInfoOfReceipt.Count:1
2016-01-21 19:18:15,279 [10] INFO  coloredRichTextBoxAppender [(null)] - additionalBottomInfoOfReceipt.Count:3
2016-01-21 19:18:15,280 [10] INFO  coloredRichTextBoxAppender [(null)] - load additional infos of Receipt ... success
2016-01-21 19:18:15,321 [10] INFO  coloredRichTextBoxAppender [(null)] - Terminals.Count:3
2016-01-21 19:18:15,323 [10] INFO  coloredRichTextBoxAppender [(null)] - load terminal infos  ... success
2016-01-21 19:18:15,324 [10] INFO  coloredRichTextBoxAppender [(null)] - load server infos  ... success
2016-01-21 19:18:15,332 [10] INFO  coloredRichTextBoxAppender [(null)] - load receipt image from file ... /Image/receipt.png
2016-01-21 19:18:15,378 [10] INFO  coloredRichTextBoxAppender [(null)] - load receipt image  ... failure
2016-01-21 19:18:17,323 [10] INFO  coloredRichTextBoxAppender [(null)] - connecting to database ... success
2016-01-21 19:18:31,799 [10] DEBUG coloredRichTextBoxAppender [(null)] - Executing Subscribe.
2016-01-21 19:18:33,494 [10] DEBUG coloredRichTextBoxAppender [(null)] - Port:18101; Terminalid:22160323 ... Authorized
2016-01-21 19:18:33,541 [10] DEBUG coloredRichTextBoxAppender [(null)] - Port:18102; Terminalid:22160324 ... Authorized
2016-01-21 19:18:33,541 [10] DEBUG coloredRichTextBoxAppender [(null)] - Port:18103; Terminalid:22160325 ... Authorized
2016-01-21 19:18:33,541 [10] DEBUG coloredRichTextBoxAppender [(null)] - SubscribeResult End
2016-01-21 19:18:33,541 [10] DEBUG coloredRichTextBoxAppender [(null)] - That took 00:00:01.7420045
2016-01-21 19:18:33,541 [10] INFO  coloredRichTextBoxAppender [(null)] - start server ... success
2016-01-21 19:18:41,661 [10] DEBUG coloredRichTextBoxAppender [(null)] - Unsubscribe Result - UnsubscribedSuccessfully
2016-01-21 19:18:41,661 [10] INFO  coloredRichTextBoxAppender [(null)] - shut down server ... success
