2015-08-10 15:58:18,259 [8] ERROR coloredRichTextBoxAppender [(null)] - System.Net.WebException: 无法连接到远程服务器 ---> System.Net.Sockets.SocketException: 由于目标计算机积极拒绝，无法连接。 127.0.0.1:8080
   在 System.Net.Sockets.Socket.DoConnect(EndPoint endPointSnapshot, SocketAddress socketAddress)
   在 System.Net.ServicePoint.ConnectSocketInternal(Boolean connectFailure, Socket s4, Socket s6, Socket& socket, IPAddress& address, ConnectSocketState state, IAsyncResult asyncResult, Exception& exception)
   --- 内部异常堆栈跟踪的结尾 ---
   在 System.Net.HttpWebRequest.GetResponse()
   在 sven.common.https.HttpsUtils.getHttps(String url) 位置 d:\work\EposRetailClient\EposRetailClient\EposRetailClient\sven\common\https\HttpsUtils.cs:行号 25
System.Net.WebException: 无法连接到远程服务器 ---> System.Net.Sockets.SocketException: 由于目标计算机积极拒绝，无法连接。 127.0.0.1:8080
   在 System.Net.Sockets.Socket.DoConnect(EndPoint endPointSnapshot, SocketAddress socketAddress)
   在 System.Net.ServicePoint.ConnectSocketInternal(Boolean connectFailure, Socket s4, Socket s6, Socket& socket, IPAddress& address, ConnectSocketState state, IAsyncResult asyncResult, Exception& exception)
   --- 内部异常堆栈跟踪的结尾 ---
   在 System.Net.HttpWebRequest.GetResponse()
   在 sven.common.https.HttpsUtils.getHttps(String url) 位置 d:\work\EposRetailClient\EposRetailClient\EposRetailClient\sven\common\https\HttpsUtils.cs:行号 25
2015-08-10 15:58:36,362 [10] ERROR coloredRichTextBoxAppender [(null)] - System.ArgumentException: 不支持关键字: “datasource”。
   在 System.Data.Common.DbConnectionOptions.ParseInternal(Hashtable parsetable, String connectionString, Boolean buildChain, Hashtable synonyms, Boolean firstKey)
   在 System.Data.Common.DbConnectionOptions..ctor(String connectionString, Hashtable synonyms, Boolean useOdbcRules)
   在 System.Data.SqlClient.SqlConnectionString..ctor(String connectionString)
   在 System.Data.SqlClient.SqlConnectionFactory.CreateConnectionOptions(String connectionString, DbConnectionOptions previous)
   在 System.Data.ProviderBase.DbConnectionFactory.GetConnectionPoolGroup(DbConnectionPoolKey key, DbConnectionPoolGroupOptions poolOptions, DbConnectionOptions& userConnectionOptions)
   在 System.Data.SqlClient.SqlConnection.ConnectionString_Set(DbConnectionPoolKey key)
   在 System.Data.SqlClient.SqlConnection.set_ConnectionString(String value)
   在 System.Data.SqlClient.SqlConnection..ctor(String connectionString, SqlCredential credential)
   在 EposRetailClient.implement.RetailClient.getCurrTables(Decimal currencyScale, String retailTableList) 位置 d:\work\EposRetailClient\EposRetailClient\EposRetailClient\implement\RetailClient.cs:行号 26
System.ArgumentException: 不支持关键字: “datasource”。
   在 System.Data.Common.DbConnectionOptions.ParseInternal(Hashtable parsetable, String connectionString, Boolean buildChain, Hashtable synonyms, Boolean firstKey)
   在 System.Data.Common.DbConnectionOptions..ctor(String connectionString, Hashtable synonyms, Boolean useOdbcRules)
   在 System.Data.SqlClient.SqlConnectionString..ctor(String connectionString)
   在 System.Data.SqlClient.SqlConnectionFactory.CreateConnectionOptions(String connectionString, DbConnectionOptions previous)
   在 System.Data.ProviderBase.DbConnectionFactory.GetConnectionPoolGroup(DbConnectionPoolKey key, DbConnectionPoolGroupOptions poolOptions, DbConnectionOptions& userConnectionOptions)
   在 System.Data.SqlClient.SqlConnection.ConnectionString_Set(DbConnectionPoolKey key)
   在 System.Data.SqlClient.SqlConnection.set_ConnectionString(String value)
   在 System.Data.SqlClient.SqlConnection..ctor(String connectionString, SqlCredential credential)
   在 EposRetailClient.implement.RetailClient.getCurrTables(Decimal currencyScale, String retailTableList) 位置 d:\work\EposRetailClient\EposRetailClient\EposRetailClient\implement\RetailClient.cs:行号 26
2015-08-10 15:59:35,964 [9] ERROR coloredRichTextBoxAppender [(null)] - System.Net.WebException: 无法连接到远程服务器 ---> System.Net.Sockets.SocketException: 由于目标计算机积极拒绝，无法连接。 127.0.0.1:8080
   在 System.Net.Sockets.Socket.DoConnect(EndPoint endPointSnapshot, SocketAddress socketAddress)
   在 System.Net.ServicePoint.ConnectSocketInternal(Boolean connectFailure, Socket s4, Socket s6, Socket& socket, IPAddress& address, ConnectSocketState state, IAsyncResult asyncResult, Exception& exception)
   --- 内部异常堆栈跟踪的结尾 ---
   在 System.Net.HttpWebRequest.GetResponse()
   在 sven.common.https.HttpsUtils.getHttps(String url) 位置 d:\work\EposRetailClient\EposRetailClient\EposRetailClient\sven\common\https\HttpsUtils.cs:行号 25
System.Net.WebException: 无法连接到远程服务器 ---> System.Net.Sockets.SocketException: 由于目标计算机积极拒绝，无法连接。 127.0.0.1:8080
   在 System.Net.Sockets.Socket.DoConnect(EndPoint endPointSnapshot, SocketAddress socketAddress)
   在 System.Net.ServicePoint.ConnectSocketInternal(Boolean connectFailure, Socket s4, Socket s6, Socket& socket, IPAddress& address, ConnectSocketState state, IAsyncResult asyncResult, Exception& exception)
   --- 内部异常堆栈跟踪的结尾 ---
   在 System.Net.HttpWebRequest.GetResponse()
   在 sven.common.https.HttpsUtils.getHttps(String url) 位置 d:\work\EposRetailClient\EposRetailClient\EposRetailClient\sven\common\https\HttpsUtils.cs:行号 25
