2016-01-21 19:18:54,510 [10] INFO  coloredRichTextBoxAppender [(null)] - Terminals.Count:3
2016-01-21 19:18:54,891 [10] INFO  coloredRichTextBoxAppender [(null)] - load terminal infos  ... success
2016-01-21 19:18:55,083 [10] INFO  coloredRichTextBoxAppender [(null)] - ......
2016-01-21 19:18:56,471 [10] INFO  coloredRichTextBoxAppender [(null)] - 22160881 IsAuthenticated - TerminalInitializationFailed
2016-01-21 19:18:56,471 [10] INFO  coloredRichTextBoxAppender [(null)] - ......
2016-01-21 19:18:56,643 [10] INFO  coloredRichTextBoxAppender [(null)] - 22160324 IsAuthenticated - TerminalInitializationFailed
2016-01-21 19:18:56,643 [10] INFO  coloredRichTextBoxAppender [(null)] - ......
2016-01-21 19:18:56,814 [10] INFO  coloredRichTextBoxAppender [(null)] - 22160325 IsAuthenticated - TerminalInitializationFailed
2016-01-21 19:18:56,830 [10] INFO  coloredRichTextBoxAppender [(null)] - eposHttpServer start... success
2016-01-21 19:19:04,669 [10] INFO  coloredRichTextBoxAppender [(null)] - ......
2016-01-21 19:19:04,888 [10] INFO  coloredRichTextBoxAppender [(null)] - 22160881 IsAuthenticated - TerminalInitializationFailed
2016-01-21 19:19:04,903 [10] INFO  coloredRichTextBoxAppender [(null)] - ......
2016-01-21 19:19:05,028 [10] INFO  coloredRichTextBoxAppender [(null)] - 22160324 IsAuthenticated - TerminalInitializationFailed
2016-01-21 19:19:05,028 [10] INFO  coloredRichTextBoxAppender [(null)] - ......
2016-01-21 19:19:05,184 [10] INFO  coloredRichTextBoxAppender [(null)] - 22160325 IsAuthenticated - TerminalInitializationFailed
2016-01-21 19:19:05,184 [10] INFO  coloredRichTextBoxAppender [(null)] - eposHttpServer start... success
2016-01-21 19:19:08,999 [10] INFO  coloredRichTextBoxAppender [(null)] - ......
2016-01-21 19:19:23,991 [10] INFO  coloredRichTextBoxAppender [(null)] - Terminals.Count:3
2016-01-21 19:19:24,209 [10] INFO  coloredRichTextBoxAppender [(null)] - load terminal infos  ... success
2016-01-21 19:19:24,365 [10] INFO  coloredRichTextBoxAppender [(null)] - ......
2016-01-21 19:19:25,379 [10] INFO  coloredRichTextBoxAppender [(null)] - 22160881 IsAuthenticated - TerminalInitializationFailed
2016-01-21 19:19:25,395 [10] INFO  coloredRichTextBoxAppender [(null)] - ......
2016-01-21 19:19:25,566 [10] INFO  coloredRichTextBoxAppender [(null)] - 22160324 IsAuthenticated - TerminalInitializationFailed
2016-01-21 19:19:25,566 [10] INFO  coloredRichTextBoxAppender [(null)] - ......
2016-01-21 19:19:25,754 [10] INFO  coloredRichTextBoxAppender [(null)] - 22160325 IsAuthenticated - TerminalInitializationFailed
2016-01-21 19:19:25,769 [10] INFO  coloredRichTextBoxAppender [(null)] - eposHttpServer start... success
2016-01-21 19:19:27,973 [10] INFO  coloredRichTextBoxAppender [(null)] - ......
2016-01-21 19:19:28,129 [10] INFO  coloredRichTextBoxAppender [(null)] - 22160881 IsAuthenticated - TerminalInitializationFailed
2016-01-21 19:19:28,144 [10] INFO  coloredRichTextBoxAppender [(null)] - ......
2016-01-21 19:19:28,285 [10] INFO  coloredRichTextBoxAppender [(null)] - 22160324 IsAuthenticated - TerminalInitializationFailed
2016-01-21 19:19:28,285 [10] INFO  coloredRichTextBoxAppender [(null)] - ......
2016-01-21 19:19:28,441 [10] INFO  coloredRichTextBoxAppender [(null)] - 22160325 IsAuthenticated - TerminalInitializationFailed
2016-01-21 19:19:28,441 [10] INFO  coloredRichTextBoxAppender [(null)] - eposHttpServer start... success
2016-01-21 19:19:46,298 [10] INFO  coloredRichTextBoxAppender [(null)] - Terminals.Count:3
2016-01-21 19:19:46,509 [10] INFO  coloredRichTextBoxAppender [(null)] - load terminal infos  ... success
2016-01-21 19:19:46,681 [10] INFO  coloredRichTextBoxAppender [(null)] - ......
2016-01-21 19:19:47,648 [10] INFO  coloredRichTextBoxAppender [(null)] - 22160881 IsAuthenticated - TerminalInitializationFailed
2016-01-21 19:19:47,664 [10] INFO  coloredRichTextBoxAppender [(null)] - ......
2016-01-21 19:19:47,851 [10] INFO  coloredRichTextBoxAppender [(null)] - 22160324 IsAuthenticated - TerminalInitializationFailed
2016-01-21 19:19:47,851 [10] INFO  coloredRichTextBoxAppender [(null)] - ......
2016-01-21 19:19:48,007 [10] INFO  coloredRichTextBoxAppender [(null)] - 22160325 IsAuthenticated - TerminalInitializationFailed
2016-01-21 19:19:48,022 [10] INFO  coloredRichTextBoxAppender [(null)] - eposHttpServer start... success
2016-01-21 19:20:04,730 [10] INFO  coloredRichTextBoxAppender [(null)] - ......
2016-01-21 19:20:04,870 [10] INFO  coloredRichTextBoxAppender [(null)] - 22160881 IsAuthenticated - TerminalInitializationFailed
2016-01-21 19:20:04,886 [10] INFO  coloredRichTextBoxAppender [(null)] - ......
2016-01-21 19:20:05,042 [10] INFO  coloredRichTextBoxAppender [(null)] - 22160324 IsAuthenticated - TerminalInitializationFailed
2016-01-21 19:20:05,042 [10] INFO  coloredRichTextBoxAppender [(null)] - ......
2016-01-21 19:20:05,198 [10] INFO  coloredRichTextBoxAppender [(null)] - 22160325 IsAuthenticated - TerminalInitializationFailed
2016-01-21 19:20:08,474 [10] INFO  coloredRichTextBoxAppender [(null)] - eposHttpServer start... success
2016-01-21 19:20:38,830 [10] INFO  coloredRichTextBoxAppender [(null)] - Terminals.Count:3
2016-01-21 19:20:39,049 [10] INFO  coloredRichTextBoxAppender [(null)] - load terminal infos  ... success
2016-01-21 19:20:39,220 [10] INFO  coloredRichTextBoxAppender [(null)] - ......
2016-01-21 19:20:40,240 [10] INFO  coloredRichTextBoxAppender [(null)] - 22160881 IsAuthenticated - TerminalInitializationFailed
2016-01-21 19:20:40,256 [10] INFO  coloredRichTextBoxAppender [(null)] - ......
2016-01-21 19:20:40,459 [10] INFO  coloredRichTextBoxAppender [(null)] - 22160324 IsAuthenticated - TerminalInitializationFailed
2016-01-21 19:20:40,459 [10] INFO  coloredRichTextBoxAppender [(null)] - ......
2016-01-21 19:20:40,616 [10] INFO  coloredRichTextBoxAppender [(null)] - 22160325 IsAuthenticated - TerminalInitializationFailed
2016-01-21 19:20:40,616 [10] INFO  coloredRichTextBoxAppender [(null)] - eposHttpServer start... success
2016-01-21 19:23:53,745 [8] INFO  coloredRichTextBoxAppender [(null)] - Terminals.Count:3
2016-01-21 19:23:53,981 [8] INFO  coloredRichTextBoxAppender [(null)] - load terminal infos  ... success
2016-01-21 19:23:54,150 [8] INFO  coloredRichTextBoxAppender [(null)] - ......
2016-01-21 19:23:55,278 [8] INFO  coloredRichTextBoxAppender [(null)] - 22160881 IsAuthenticated - TerminalInitializationFailed
2016-01-21 19:23:55,281 [8] INFO  coloredRichTextBoxAppender [(null)] - ......
2016-01-21 19:23:55,491 [8] INFO  coloredRichTextBoxAppender [(null)] - 22160324 IsAuthenticated - TerminalInitializationFailed
2016-01-21 19:23:55,492 [8] INFO  coloredRichTextBoxAppender [(null)] - ......
2016-01-21 19:23:55,679 [8] INFO  coloredRichTextBoxAppender [(null)] - 22160325 IsAuthenticated - TerminalInitializationFailed
2016-01-21 19:23:55,683 [8] INFO  coloredRichTextBoxAppender [(null)] - eposHttpServer start... success
2016-01-21 19:24:07,197 [8] INFO  coloredRichTextBoxAppender [(null)] - ......
2016-01-21 19:24:07,369 [8] INFO  coloredRichTextBoxAppender [(null)] - 22160881 IsAuthenticated - TerminalInitializationFailed
2016-01-21 19:24:07,381 [8] INFO  coloredRichTextBoxAppender [(null)] - ......
2016-01-21 19:24:07,529 [8] INFO  coloredRichTextBoxAppender [(null)] - 22160324 IsAuthenticated - TerminalInitializationFailed
2016-01-21 19:24:07,530 [8] INFO  coloredRichTextBoxAppender [(null)] - ......
2016-01-21 19:24:07,683 [8] INFO  coloredRichTextBoxAppender [(null)] - 22160325 IsAuthenticated - TerminalInitializationFailed
2016-01-21 19:28:23,793 [8] INFO  coloredRichTextBoxAppender [(null)] - Terminals.Count:3
2016-01-21 19:28:24,026 [8] INFO  coloredRichTextBoxAppender [(null)] - load terminal infos  ... success
2016-01-21 19:28:24,196 [8] INFO  coloredRichTextBoxAppender [(null)] - ......
2016-01-21 19:28:25,306 [8] INFO  coloredRichTextBoxAppender [(null)] - 22160881 IsAuthenticated - TerminalInitializationFailed
2016-01-21 19:28:25,310 [8] INFO  coloredRichTextBoxAppender [(null)] - ......
2016-01-21 19:28:25,502 [8] INFO  coloredRichTextBoxAppender [(null)] - 22160324 IsAuthenticated - TerminalInitializationFailed
2016-01-21 19:28:25,504 [8] INFO  coloredRichTextBoxAppender [(null)] - ......
2016-01-21 19:28:25,725 [8] INFO  coloredRichTextBoxAppender [(null)] - 22160325 IsAuthenticated - TerminalInitializationFailed
2016-01-21 19:28:29,404 [8] INFO  coloredRichTextBoxAppender [(null)] - eposHttpServer start... success
2016-01-21 19:30:39,127 [8] INFO  coloredRichTextBoxAppender [(null)] - ......
2016-01-21 19:30:39,710 [8] INFO  coloredRichTextBoxAppender [(null)] - 22160881 IsAuthenticated - TerminalInitializationFailed
2016-01-21 19:30:39,795 [8] INFO  coloredRichTextBoxAppender [(null)] - ......
2016-01-21 19:30:40,333 [8] INFO  coloredRichTextBoxAppender [(null)] - 22160324 IsAuthenticated - TerminalInitializationFailed
2016-01-21 19:30:40,368 [8] INFO  coloredRichTextBoxAppender [(null)] - ......
2016-01-21 19:30:40,765 [8] INFO  coloredRichTextBoxAppender [(null)] - 22160325 IsAuthenticated - TerminalInitializationFailed
2016-01-21 19:30:42,955 [8] INFO  coloredRichTextBoxAppender [(null)] - eposHttpServer start... success
2016-01-21 19:31:20,131 [10] INFO  coloredRichTextBoxAppender [(null)] - Terminals.Count:3
2016-01-21 19:31:20,366 [10] INFO  coloredRichTextBoxAppender [(null)] - load terminal infos  ... success
2016-01-21 19:31:20,539 [10] INFO  coloredRichTextBoxAppender [(null)] - ......
2016-01-21 19:31:21,638 [10] INFO  coloredRichTextBoxAppender [(null)] - 22160881 IsAuthenticated - TerminalInitializationFailed
2016-01-21 19:31:21,641 [10] INFO  coloredRichTextBoxAppender [(null)] - ......
2016-01-21 19:31:21,832 [10] INFO  coloredRichTextBoxAppender [(null)] - 22160324 IsAuthenticated - TerminalInitializationFailed
2016-01-21 19:31:21,833 [10] INFO  coloredRichTextBoxAppender [(null)] - ......
2016-01-21 19:31:22,007 [10] INFO  coloredRichTextBoxAppender [(null)] - 22160325 IsAuthenticated - TerminalInitializationFailed
2016-01-21 19:31:22,013 [10] INFO  coloredRichTextBoxAppender [(null)] - eposHttpServer start... success
2016-01-21 19:32:54,198 [10] INFO  coloredRichTextBoxAppender [(null)] - ......
2016-01-21 19:32:54,650 [10] INFO  coloredRichTextBoxAppender [(null)] - 22160881 IsAuthenticated - TerminalInitializationFailed
2016-01-21 19:32:54,715 [10] INFO  coloredRichTextBoxAppender [(null)] - ......
2016-01-21 19:32:55,147 [10] INFO  coloredRichTextBoxAppender [(null)] - 22160324 IsAuthenticated - TerminalInitializationFailed
2016-01-21 19:32:55,176 [10] INFO  coloredRichTextBoxAppender [(null)] - ......
2016-01-21 19:32:55,625 [10] INFO  coloredRichTextBoxAppender [(null)] - 22160325 IsAuthenticated - TerminalInitializationFailed
2016-01-21 19:32:56,946 [10] INFO  coloredRichTextBoxAppender [(null)] - eposHttpServer start... success
2016-01-21 19:35:24,818 [10] INFO  coloredRichTextBoxAppender [(null)] - Terminals.Count:3
2016-01-21 19:35:25,075 [10] INFO  coloredRichTextBoxAppender [(null)] - load terminal infos  ... success
2016-01-21 19:35:25,236 [10] INFO  coloredRichTextBoxAppender [(null)] - ......
2016-01-21 19:35:26,385 [10] INFO  coloredRichTextBoxAppender [(null)] - 22160881 IsAuthenticated - TerminalInitializationFailed
2016-01-21 19:35:26,388 [10] INFO  coloredRichTextBoxAppender [(null)] - ......
2016-01-21 19:35:26,571 [10] INFO  coloredRichTextBoxAppender [(null)] - 22160324 IsAuthenticated - TerminalInitializationFailed
2016-01-21 19:35:26,573 [10] INFO  coloredRichTextBoxAppender [(null)] - ......
2016-01-21 19:35:26,732 [10] INFO  coloredRichTextBoxAppender [(null)] - 22160325 IsAuthenticated - TerminalInitializationFailed
2016-01-21 19:35:26,738 [10] INFO  coloredRichTextBoxAppender [(null)] - eposHttpServer start... success
2016-01-21 19:35:48,527 [9] INFO  coloredRichTextBoxAppender [(null)] - Terminals.Count:3
2016-01-21 19:35:48,779 [9] INFO  coloredRichTextBoxAppender [(null)] - load terminal infos  ... success
2016-01-21 19:35:48,952 [9] INFO  coloredRichTextBoxAppender [(null)] - ......
2016-01-21 19:35:50,107 [9] INFO  coloredRichTextBoxAppender [(null)] - 22160881 IsAuthenticated - TerminalInitializationFailed
2016-01-21 19:35:50,112 [9] INFO  coloredRichTextBoxAppender [(null)] - ......
2016-01-21 19:35:50,310 [9] INFO  coloredRichTextBoxAppender [(null)] - 22160324 IsAuthenticated - TerminalInitializationFailed
2016-01-21 19:35:50,311 [9] INFO  coloredRichTextBoxAppender [(null)] - ......
2016-01-21 19:35:50,489 [9] INFO  coloredRichTextBoxAppender [(null)] - 22160325 IsAuthenticated - TerminalInitializationFailed
2016-01-21 19:35:53,112 [9] INFO  coloredRichTextBoxAppender [(null)] - eposHttpServer start... success
2016-01-21 19:42:25,293 [10] INFO  coloredRichTextBoxAppender [(null)] - Terminals.Count:3
2016-01-21 19:42:25,517 [10] INFO  coloredRichTextBoxAppender [(null)] - load terminal infos  ... success
2016-01-21 19:42:44,702 [10] INFO  coloredRichTextBoxAppender [(null)] - ......
2016-01-21 19:42:45,687 [10] INFO  coloredRichTextBoxAppender [(null)] - 22160881 IsAuthenticated - TerminalInitializationFailed
2016-01-21 19:42:45,690 [10] INFO  coloredRichTextBoxAppender [(null)] - ......
2016-01-21 19:42:45,933 [10] INFO  coloredRichTextBoxAppender [(null)] - 22160324 IsAuthenticated - TerminalInitializationFailed
2016-01-21 19:42:45,935 [10] INFO  coloredRichTextBoxAppender [(null)] - ......
2016-01-21 19:42:46,092 [10] INFO  coloredRichTextBoxAppender [(null)] - 22160325 IsAuthenticated - TerminalInitializationFailed
2016-01-21 19:43:40,571 [10] INFO  coloredRichTextBoxAppender [(null)] - eposHttpServer start... success
2016-01-21 19:49:58,880 [9] INFO  coloredRichTextBoxAppender [(null)] - Terminals.Count:3
2016-01-21 19:49:59,095 [9] INFO  coloredRichTextBoxAppender [(null)] - load terminal infos  ... success
2016-01-21 19:50:03,369 [9] INFO  coloredRichTextBoxAppender [(null)] - ......
2016-01-21 19:50:04,408 [9] INFO  coloredRichTextBoxAppender [(null)] - 22160881 IsAuthenticated - TerminalInitializationFailed
2016-01-21 19:50:04,411 [9] INFO  coloredRichTextBoxAppender [(null)] - ......
2016-01-21 19:50:04,656 [9] INFO  coloredRichTextBoxAppender [(null)] - 22160324 IsAuthenticated - TerminalInitializationFailed
2016-01-21 19:50:04,658 [9] INFO  coloredRichTextBoxAppender [(null)] - ......
2016-01-21 19:50:04,828 [9] INFO  coloredRichTextBoxAppender [(null)] - 22160325 IsAuthenticated - TerminalInitializationFailed
2016-01-21 19:50:04,833 [9] INFO  coloredRichTextBoxAppender [(null)] - eposHttpServer start... success
2016-01-21 19:51:19,426 [10] INFO  coloredRichTextBoxAppender [(null)] - Terminals.Count:3
2016-01-21 19:51:19,654 [10] INFO  coloredRichTextBoxAppender [(null)] - load terminal infos  ... success
2016-01-21 19:51:19,813 [10] INFO  coloredRichTextBoxAppender [(null)] - ......
2016-01-21 19:51:20,867 [10] INFO  coloredRichTextBoxAppender [(null)] - 22160881 IsAuthenticated - TerminalInitializationFailed
2016-01-21 19:51:20,870 [10] INFO  coloredRichTextBoxAppender [(null)] - ......
2016-01-21 19:51:21,033 [10] INFO  coloredRichTextBoxAppender [(null)] - 22160324 IsAuthenticated - TerminalInitializationFailed
2016-01-21 19:51:21,034 [10] INFO  coloredRichTextBoxAppender [(null)] - ......
2016-01-21 19:51:21,197 [10] INFO  coloredRichTextBoxAppender [(null)] - 22160325 IsAuthenticated - TerminalInitializationFailed
2016-01-21 19:51:21,202 [10] INFO  coloredRichTextBoxAppender [(null)] - eposHttpServer start... success
2016-01-21 19:51:38,494 [10] INFO  coloredRichTextBoxAppender [(null)] - ......
2016-01-21 19:51:38,669 [10] INFO  coloredRichTextBoxAppender [(null)] - 22160881 IsAuthenticated - TerminalInitializationFailed
2016-01-21 19:51:38,674 [10] INFO  coloredRichTextBoxAppender [(null)] - ......
2016-01-21 19:51:38,819 [10] INFO  coloredRichTextBoxAppender [(null)] - 22160324 IsAuthenticated - TerminalInitializationFailed
2016-01-21 19:51:38,820 [10] INFO  coloredRichTextBoxAppender [(null)] - ......
2016-01-21 19:51:38,979 [10] INFO  coloredRichTextBoxAppender [(null)] - 22160325 IsAuthenticated - TerminalInitializationFailed
2016-01-21 19:51:38,982 [10] INFO  coloredRichTextBoxAppender [(null)] - eposHttpServer start... success
2016-01-21 19:51:45,470 [10] INFO  coloredRichTextBoxAppender [(null)] - ......
2016-01-21 19:51:45,652 [10] INFO  coloredRichTextBoxAppender [(null)] - 22160881 IsAuthenticated - TerminalInitializationFailed
2016-01-21 19:51:45,656 [10] INFO  coloredRichTextBoxAppender [(null)] - ......
2016-01-21 19:51:45,811 [10] INFO  coloredRichTextBoxAppender [(null)] - 22160324 IsAuthenticated - TerminalInitializationFailed
2016-01-21 19:51:45,812 [10] INFO  coloredRichTextBoxAppender [(null)] - ......
2016-01-21 19:51:45,957 [10] INFO  coloredRichTextBoxAppender [(null)] - 22160325 IsAuthenticated - TerminalInitializationFailed
2016-01-21 19:51:45,961 [10] INFO  coloredRichTextBoxAppender [(null)] - eposHttpServer start... success
2016-01-21 19:52:06,217 [10] INFO  coloredRichTextBoxAppender [(null)] - Terminals.Count:3
2016-01-21 19:52:06,462 [10] INFO  coloredRichTextBoxAppender [(null)] - load terminal infos  ... success
2016-01-21 19:52:06,625 [10] INFO  coloredRichTextBoxAppender [(null)] - ......
2016-01-21 19:52:07,645 [10] INFO  coloredRichTextBoxAppender [(null)] - 22160881 IsAuthenticated - TerminalInitializationFailed
2016-01-21 19:52:07,648 [10] INFO  coloredRichTextBoxAppender [(null)] - ......
2016-01-21 19:52:07,857 [10] INFO  coloredRichTextBoxAppender [(null)] - 22160324 IsAuthenticated - TerminalInitializationFailed
2016-01-21 19:52:07,859 [10] INFO  coloredRichTextBoxAppender [(null)] - ......
2016-01-21 19:52:08,029 [10] INFO  coloredRichTextBoxAppender [(null)] - 22160325 IsAuthenticated - TerminalInitializationFailed
2016-01-21 19:52:08,034 [10] INFO  coloredRichTextBoxAppender [(null)] - eposHttpServer start... success
2016-01-21 19:52:13,405 [10] INFO  coloredRichTextBoxAppender [(null)] - ......
2016-01-21 19:52:13,546 [10] INFO  coloredRichTextBoxAppender [(null)] - 22160881 IsAuthenticated - TerminalInitializationFailed
2016-01-21 19:52:13,565 [10] INFO  coloredRichTextBoxAppender [(null)] - ......
2016-01-21 19:52:13,708 [10] INFO  coloredRichTextBoxAppender [(null)] - 22160324 IsAuthenticated - TerminalInitializationFailed
2016-01-21 19:52:13,709 [10] INFO  coloredRichTextBoxAppender [(null)] - ......
2016-01-21 19:52:13,867 [10] INFO  coloredRichTextBoxAppender [(null)] - 22160325 IsAuthenticated - TerminalInitializationFailed
2016-01-21 19:52:13,870 [10] INFO  coloredRichTextBoxAppender [(null)] - eposHttpServer start... success
2016-01-21 19:52:22,037 [10] INFO  coloredRichTextBoxAppender [(null)] - ......
2016-01-21 19:52:22,183 [10] INFO  coloredRichTextBoxAppender [(null)] - 22160881 IsAuthenticated - TerminalInitializationFailed
2016-01-21 19:52:22,187 [10] INFO  coloredRichTextBoxAppender [(null)] - ......
2016-01-21 19:52:22,339 [10] INFO  coloredRichTextBoxAppender [(null)] - 22160324 IsAuthenticated - TerminalInitializationFailed
2016-01-21 19:52:22,340 [10] INFO  coloredRichTextBoxAppender [(null)] - ......
2016-01-21 19:52:22,482 [10] INFO  coloredRichTextBoxAppender [(null)] - 22160325 IsAuthenticated - TerminalInitializationFailed
2016-01-21 19:52:22,485 [10] INFO  coloredRichTextBoxAppender [(null)] - eposHttpServer start... success
2016-01-21 19:52:31,973 [10] INFO  coloredRichTextBoxAppender [(null)] - ......
2016-01-21 19:52:32,162 [10] INFO  coloredRichTextBoxAppender [(null)] - 22160881 IsAuthenticated - TerminalInitializationFailed
2016-01-21 19:52:32,167 [10] INFO  coloredRichTextBoxAppender [(null)] - ......
2016-01-21 19:52:32,327 [10] INFO  coloredRichTextBoxAppender [(null)] - 22160324 IsAuthenticated - TerminalInitializationFailed
2016-01-21 19:52:32,328 [10] INFO  coloredRichTextBoxAppender [(null)] - ......
2016-01-21 19:52:32,461 [10] INFO  coloredRichTextBoxAppender [(null)] - 22160325 IsAuthenticated - TerminalInitializationFailed
2016-01-21 19:52:32,464 [10] INFO  coloredRichTextBoxAppender [(null)] - eposHttpServer start... success
2016-01-21 19:55:54,236 [9] INFO  coloredRichTextBoxAppender [(null)] - Terminals.Count:3
2016-01-21 19:55:54,454 [9] INFO  coloredRichTextBoxAppender [(null)] - load terminal infos  ... success
2016-01-21 19:55:54,625 [9] INFO  coloredRichTextBoxAppender [(null)] - ......
2016-01-21 19:55:55,626 [9] INFO  coloredRichTextBoxAppender [(null)] - 22160881 IsAuthenticated - TerminalInitializationFailed
2016-01-21 19:55:55,628 [9] INFO  coloredRichTextBoxAppender [(null)] - ......
2016-01-21 19:55:55,794 [9] INFO  coloredRichTextBoxAppender [(null)] - 22160324 IsAuthenticated - TerminalInitializationFailed
2016-01-21 19:55:55,795 [9] INFO  coloredRichTextBoxAppender [(null)] - ......
2016-01-21 19:55:55,997 [9] INFO  coloredRichTextBoxAppender [(null)] - 22160325 IsAuthenticated - TerminalInitializationFailed
2016-01-21 19:55:56,003 [9] INFO  coloredRichTextBoxAppender [(null)] - eposHttpServer start... success
2016-01-21 19:56:06,601 [9] INFO  coloredRichTextBoxAppender [(null)] - ......
2016-01-21 19:56:06,755 [9] INFO  coloredRichTextBoxAppender [(null)] - 22160881 IsAuthenticated - TerminalInitializationFailed
2016-01-21 19:56:06,771 [9] INFO  coloredRichTextBoxAppender [(null)] - ......
2016-01-21 19:56:06,904 [9] INFO  coloredRichTextBoxAppender [(null)] - 22160324 IsAuthenticated - TerminalInitializationFailed
2016-01-21 19:56:06,905 [9] INFO  coloredRichTextBoxAppender [(null)] - ......
2016-01-21 19:56:07,064 [9] INFO  coloredRichTextBoxAppender [(null)] - 22160325 IsAuthenticated - TerminalInitializationFailed
2016-01-21 19:56:07,066 [9] INFO  coloredRichTextBoxAppender [(null)] - eposHttpServer start... success
2016-01-21 19:56:16,656 [9] INFO  coloredRichTextBoxAppender [(null)] - ......
2016-01-21 19:56:16,827 [9] INFO  coloredRichTextBoxAppender [(null)] - 22160881 IsAuthenticated - TerminalInitializationFailed
2016-01-21 19:56:16,831 [9] INFO  coloredRichTextBoxAppender [(null)] - ......
2016-01-21 19:56:16,979 [9] INFO  coloredRichTextBoxAppender [(null)] - 22160324 IsAuthenticated - TerminalInitializationFailed
2016-01-21 19:56:16,980 [9] INFO  coloredRichTextBoxAppender [(null)] - ......
2016-01-21 19:56:17,130 [9] INFO  coloredRichTextBoxAppender [(null)] - 22160325 IsAuthenticated - TerminalInitializationFailed
2016-01-21 19:56:17,133 [9] INFO  coloredRichTextBoxAppender [(null)] - eposHttpServer start... success
2016-01-21 19:56:26,496 [9] INFO  coloredRichTextBoxAppender [(null)] - ......
2016-01-21 19:56:26,639 [9] INFO  coloredRichTextBoxAppender [(null)] - 22160881 IsAuthenticated - TerminalInitializationFailed
2016-01-21 19:56:26,647 [9] INFO  coloredRichTextBoxAppender [(null)] - ......
2016-01-21 19:56:26,807 [9] INFO  coloredRichTextBoxAppender [(null)] - 22160324 IsAuthenticated - TerminalInitializationFailed
2016-01-21 19:56:26,808 [9] INFO  coloredRichTextBoxAppender [(null)] - ......
2016-01-21 19:56:26,975 [9] INFO  coloredRichTextBoxAppender [(null)] - 22160325 IsAuthenticated - TerminalInitializationFailed
2016-01-21 19:56:26,980 [9] INFO  coloredRichTextBoxAppender [(null)] - eposHttpServer start... success
2016-01-21 19:59:02,407 [9] INFO  coloredRichTextBoxAppender [(null)] - Terminals.Count:3
2016-01-21 19:59:02,654 [9] INFO  coloredRichTextBoxAppender [(null)] - load terminal infos  ... success
2016-01-21 19:59:02,814 [9] INFO  coloredRichTextBoxAppender [(null)] - ......
2016-01-21 19:59:03,830 [9] INFO  coloredRichTextBoxAppender [(null)] - 22160881 IsAuthenticated - TerminalInitializationFailed
2016-01-21 19:59:03,832 [9] INFO  coloredRichTextBoxAppender [(null)] - ......
2016-01-21 19:59:04,014 [9] INFO  coloredRichTextBoxAppender [(null)] - 22160324 IsAuthenticated - TerminalInitializationFailed
2016-01-21 19:59:04,015 [9] INFO  coloredRichTextBoxAppender [(null)] - ......
2016-01-21 19:59:04,173 [9] INFO  coloredRichTextBoxAppender [(null)] - 22160325 IsAuthenticated - TerminalInitializationFailed
2016-01-21 19:59:04,180 [9] INFO  coloredRichTextBoxAppender [(null)] - eposHttpServer start... success
2016-01-21 19:59:05,348 [9] INFO  coloredRichTextBoxAppender [(null)] - eposHttpServer stop...
2016-01-21 19:59:05,797 [9] INFO  coloredRichTextBoxAppender [(null)] - ......
2016-01-21 19:59:05,944 [9] INFO  coloredRichTextBoxAppender [(null)] - 22160881 IsAuthenticated - TerminalInitializationFailed
2016-01-21 19:59:05,951 [9] INFO  coloredRichTextBoxAppender [(null)] - ......
2016-01-21 19:59:06,091 [9] INFO  coloredRichTextBoxAppender [(null)] - 22160324 IsAuthenticated - TerminalInitializationFailed
2016-01-21 19:59:06,092 [9] INFO  coloredRichTextBoxAppender [(null)] - ......
2016-01-21 19:59:06,241 [9] INFO  coloredRichTextBoxAppender [(null)] - 22160325 IsAuthenticated - TerminalInitializationFailed
2016-01-21 19:59:06,246 [9] INFO  coloredRichTextBoxAppender [(null)] - eposHttpServer start... success
2016-01-21 19:59:20,664 [9] INFO  coloredRichTextBoxAppender [(null)] - Terminals.Count:3
2016-01-21 19:59:20,894 [9] INFO  coloredRichTextBoxAppender [(null)] - load terminal infos  ... success
2016-01-21 19:59:21,040 [9] INFO  coloredRichTextBoxAppender [(null)] - ......
2016-01-21 19:59:22,089 [9] INFO  coloredRichTextBoxAppender [(null)] - 22160881 IsAuthenticated - TerminalInitializationFailed
2016-01-21 19:59:22,092 [9] INFO  coloredRichTextBoxAppender [(null)] - ......
2016-01-21 19:59:22,267 [9] INFO  coloredRichTextBoxAppender [(null)] - 22160324 IsAuthenticated - TerminalInitializationFailed
2016-01-21 19:59:22,268 [9] INFO  coloredRichTextBoxAppender [(null)] - ......
2016-01-21 19:59:22,425 [9] INFO  coloredRichTextBoxAppender [(null)] - 22160325 IsAuthenticated - TerminalInitializationFailed
2016-01-21 19:59:22,432 [9] INFO  coloredRichTextBoxAppender [(null)] - eposHttpServer start... success
2016-01-21 19:59:23,910 [9] INFO  coloredRichTextBoxAppender [(null)] - eposHttpServer stop...
2016-01-21 19:59:26,525 [9] INFO  coloredRichTextBoxAppender [(null)] - ......
2016-01-21 19:59:26,678 [9] INFO  coloredRichTextBoxAppender [(null)] - 22160881 IsAuthenticated - TerminalInitializationFailed
2016-01-21 19:59:26,686 [9] INFO  coloredRichTextBoxAppender [(null)] - ......
2016-01-21 19:59:26,820 [9] INFO  coloredRichTextBoxAppender [(null)] - 22160324 IsAuthenticated - TerminalInitializationFailed
2016-01-21 19:59:26,821 [9] INFO  coloredRichTextBoxAppender [(null)] - ......
2016-01-21 19:59:26,984 [9] INFO  coloredRichTextBoxAppender [(null)] - 22160325 IsAuthenticated - TerminalInitializationFailed
2016-01-21 19:59:26,987 [9] INFO  coloredRichTextBoxAppender [(null)] - eposHttpServer start... success
2016-01-21 19:59:28,904 [9] INFO  coloredRichTextBoxAppender [(null)] - eposHttpServer stop...
2016-01-21 19:59:31,493 [9] INFO  coloredRichTextBoxAppender [(null)] - ......
2016-01-21 19:59:31,648 [9] INFO  coloredRichTextBoxAppender [(null)] - 22160881 IsAuthenticated - TerminalInitializationFailed
2016-01-21 19:59:31,652 [9] INFO  coloredRichTextBoxAppender [(null)] - ......
2016-01-21 19:59:31,787 [9] INFO  coloredRichTextBoxAppender [(null)] - 22160324 IsAuthenticated - TerminalInitializationFailed
2016-01-21 19:59:31,788 [9] INFO  coloredRichTextBoxAppender [(null)] - ......
2016-01-21 19:59:31,932 [9] INFO  coloredRichTextBoxAppender [(null)] - 22160325 IsAuthenticated - TerminalInitializationFailed
2016-01-21 19:59:31,936 [9] INFO  coloredRichTextBoxAppender [(null)] - eposHttpServer start... success
2016-01-21 19:59:41,404 [10] INFO  coloredRichTextBoxAppender [(null)] - Terminals.Count:3
2016-01-21 19:59:41,653 [10] INFO  coloredRichTextBoxAppender [(null)] - load terminal infos  ... success
2016-01-21 19:59:41,801 [10] INFO  coloredRichTextBoxAppender [(null)] - ......
2016-01-21 19:59:42,826 [10] INFO  coloredRichTextBoxAppender [(null)] - 22160881 IsAuthenticated - TerminalInitializationFailed
2016-01-21 19:59:42,829 [10] INFO  coloredRichTextBoxAppender [(null)] - ......
2016-01-21 19:59:43,000 [10] INFO  coloredRichTextBoxAppender [(null)] - 22160324 IsAuthenticated - TerminalInitializationFailed
2016-01-21 19:59:43,002 [10] INFO  coloredRichTextBoxAppender [(null)] - ......
2016-01-21 19:59:43,160 [10] INFO  coloredRichTextBoxAppender [(null)] - 22160325 IsAuthenticated - TerminalInitializationFailed
2016-01-21 19:59:43,165 [10] INFO  coloredRichTextBoxAppender [(null)] - eposHttpServer start... success
2016-01-21 19:59:51,073 [9] INFO  coloredRichTextBoxAppender [(null)] - Terminals.Count:3
2016-01-21 19:59:51,306 [9] INFO  coloredRichTextBoxAppender [(null)] - load terminal infos  ... success
2016-01-21 19:59:51,465 [9] INFO  coloredRichTextBoxAppender [(null)] - ......
2016-01-21 19:59:52,531 [9] INFO  coloredRichTextBoxAppender [(null)] - 22160881 IsAuthenticated - TerminalInitializationFailed
2016-01-21 19:59:52,534 [9] INFO  coloredRichTextBoxAppender [(null)] - ......
2016-01-21 19:59:52,700 [9] INFO  coloredRichTextBoxAppender [(null)] - 22160324 IsAuthenticated - TerminalInitializationFailed
2016-01-21 19:59:52,701 [9] INFO  coloredRichTextBoxAppender [(null)] - ......
2016-01-21 19:59:52,868 [9] INFO  coloredRichTextBoxAppender [(null)] - 22160325 IsAuthenticated - TerminalInitializationFailed
2016-01-21 19:59:52,873 [9] INFO  coloredRichTextBoxAppender [(null)] - eposHttpServer start... success
2016-01-21 19:59:59,232 [9] INFO  coloredRichTextBoxAppender [(null)] - eposHttpServer stop...
2016-01-21 20:01:04,214 [9] INFO  coloredRichTextBoxAppender [(null)] - Terminals.Count:3
2016-01-21 20:01:04,455 [9] INFO  coloredRichTextBoxAppender [(null)] - load terminal infos  ... success
2016-01-21 20:01:04,613 [9] INFO  coloredRichTextBoxAppender [(null)] - ......
2016-01-21 20:01:05,627 [9] INFO  coloredRichTextBoxAppender [(null)] - 22160881 IsAuthenticated - TerminalInitializationFailed
2016-01-21 20:01:05,630 [9] INFO  coloredRichTextBoxAppender [(null)] - ......
2016-01-21 20:01:05,790 [9] INFO  coloredRichTextBoxAppender [(null)] - 22160324 IsAuthenticated - TerminalInitializationFailed
2016-01-21 20:01:05,791 [9] INFO  coloredRichTextBoxAppender [(null)] - ......
2016-01-21 20:01:05,947 [9] INFO  coloredRichTextBoxAppender [(null)] - 22160325 IsAuthenticated - TerminalInitializationFailed
2016-01-21 20:01:05,954 [9] INFO  coloredRichTextBoxAppender [(null)] - eposHttpServer start... success
2016-01-21 20:01:07,124 [9] INFO  coloredRichTextBoxAppender [(null)] - eposHttpServer stop...plz wait 5 sec
2016-01-21 20:01:09,835 [9] INFO  coloredRichTextBoxAppender [(null)] - ......
2016-01-21 20:01:09,997 [9] INFO  coloredRichTextBoxAppender [(null)] - 22160881 IsAuthenticated - TerminalInitializationFailed
2016-01-21 20:01:10,001 [9] INFO  coloredRichTextBoxAppender [(null)] - ......
2016-01-21 20:01:10,131 [9] INFO  coloredRichTextBoxAppender [(null)] - 22160324 IsAuthenticated - TerminalInitializationFailed
2016-01-21 20:01:10,132 [9] INFO  coloredRichTextBoxAppender [(null)] - ......
2016-01-21 20:01:10,281 [9] INFO  coloredRichTextBoxAppender [(null)] - 22160325 IsAuthenticated - TerminalInitializationFailed
2016-01-21 20:01:10,285 [9] INFO  coloredRichTextBoxAppender [(null)] - eposHttpServer start... success
2016-01-21 20:01:23,555 [9] INFO  coloredRichTextBoxAppender [(null)] - Terminals.Count:3
2016-01-21 20:01:23,782 [9] INFO  coloredRichTextBoxAppender [(null)] - load terminal infos  ... success
2016-01-21 20:01:23,938 [9] INFO  coloredRichTextBoxAppender [(null)] - ......
2016-01-21 20:01:24,974 [9] INFO  coloredRichTextBoxAppender [(null)] - 22160881 IsAuthenticated - TerminalInitializationFailed
2016-01-21 20:01:24,977 [9] INFO  coloredRichTextBoxAppender [(null)] - ......
2016-01-21 20:01:25,150 [9] INFO  coloredRichTextBoxAppender [(null)] - 22160324 IsAuthenticated - TerminalInitializationFailed
2016-01-21 20:01:25,151 [9] INFO  coloredRichTextBoxAppender [(null)] - ......
2016-01-21 20:01:25,293 [9] INFO  coloredRichTextBoxAppender [(null)] - 22160325 IsAuthenticated - TerminalInitializationFailed
2016-01-21 20:01:25,299 [9] INFO  coloredRichTextBoxAppender [(null)] - eposHttpServer start... success
2016-01-21 20:01:27,362 [9] INFO  coloredRichTextBoxAppender [(null)] - eposHttpServer stop...plz wait 5 sec
2016-01-21 20:01:31,098 [9] INFO  coloredRichTextBoxAppender [(null)] - ......
2016-01-21 20:01:31,249 [9] INFO  coloredRichTextBoxAppender [(null)] - 22160881 IsAuthenticated - TerminalInitializationFailed
2016-01-21 20:01:31,268 [9] INFO  coloredRichTextBoxAppender [(null)] - ......
2016-01-21 20:01:31,411 [9] INFO  coloredRichTextBoxAppender [(null)] - 22160324 IsAuthenticated - TerminalInitializationFailed
2016-01-21 20:01:31,412 [9] INFO  coloredRichTextBoxAppender [(null)] - ......
2016-01-21 20:01:31,555 [9] INFO  coloredRichTextBoxAppender [(null)] - 22160325 IsAuthenticated - TerminalInitializationFailed
2016-01-21 20:01:31,557 [9] INFO  coloredRichTextBoxAppender [(null)] - eposHttpServer start... success
2016-01-21 20:01:34,837 [9] INFO  coloredRichTextBoxAppender [(null)] - eposHttpServer stop...plz wait 5 sec
2016-01-21 20:03:11,622 [8] INFO  coloredRichTextBoxAppender [(null)] - Terminals.Count:3
2016-01-21 20:03:11,834 [8] INFO  coloredRichTextBoxAppender [(null)] - load terminal infos  ... success
2016-01-21 20:03:11,986 [8] INFO  coloredRichTextBoxAppender [(null)] - ......
2016-01-21 20:03:13,010 [8] INFO  coloredRichTextBoxAppender [(null)] - 22160881 IsAuthenticated - TerminalInitializationFailed
2016-01-21 20:03:13,013 [8] INFO  coloredRichTextBoxAppender [(null)] - ......
2016-01-21 20:03:13,191 [8] INFO  coloredRichTextBoxAppender [(null)] - 22160324 IsAuthenticated - TerminalInitializationFailed
2016-01-21 20:03:13,192 [8] INFO  coloredRichTextBoxAppender [(null)] - ......
2016-01-21 20:03:13,356 [8] INFO  coloredRichTextBoxAppender [(null)] - 22160325 IsAuthenticated - TerminalInitializationFailed
2016-01-21 20:03:13,361 [8] INFO  coloredRichTextBoxAppender [(null)] - eposHttpServer start... success
2016-01-21 20:03:28,478 [10] INFO  coloredRichTextBoxAppender [(null)] - Terminals.Count:3
2016-01-21 20:03:28,709 [10] INFO  coloredRichTextBoxAppender [(null)] - load terminal infos  ... success
2016-01-21 20:03:28,862 [10] INFO  coloredRichTextBoxAppender [(null)] - ......
2016-01-21 20:03:29,888 [10] INFO  coloredRichTextBoxAppender [(null)] - 22160881 IsAuthenticated - TerminalInitializationFailed
2016-01-21 20:03:29,891 [10] INFO  coloredRichTextBoxAppender [(null)] - ......
2016-01-21 20:03:30,064 [10] INFO  coloredRichTextBoxAppender [(null)] - 22160324 IsAuthenticated - TerminalInitializationFailed
2016-01-21 20:03:30,066 [10] INFO  coloredRichTextBoxAppender [(null)] - ......
2016-01-21 20:03:30,220 [10] INFO  coloredRichTextBoxAppender [(null)] - 22160325 IsAuthenticated - TerminalInitializationFailed
2016-01-21 20:03:30,226 [10] INFO  coloredRichTextBoxAppender [(null)] - eposHttpServer start... success
2016-01-21 20:04:56,532 [9] INFO  coloredRichTextBoxAppender [(null)] - Terminals.Count:3
2016-01-21 20:04:56,757 [9] INFO  coloredRichTextBoxAppender [(null)] - load terminal infos  ... success
2016-01-21 20:04:56,918 [9] INFO  coloredRichTextBoxAppender [(null)] - ......
2016-01-21 20:04:57,943 [9] INFO  coloredRichTextBoxAppender [(null)] - 22160881 IsAuthenticated - TerminalInitializationFailed
2016-01-21 20:04:57,946 [9] INFO  coloredRichTextBoxAppender [(null)] - ......
2016-01-21 20:04:58,118 [9] INFO  coloredRichTextBoxAppender [(null)] - 22160324 IsAuthenticated - TerminalInitializationFailed
2016-01-21 20:04:58,119 [9] INFO  coloredRichTextBoxAppender [(null)] - ......
2016-01-21 20:04:58,295 [9] INFO  coloredRichTextBoxAppender [(null)] - 22160325 IsAuthenticated - TerminalInitializationFailed
2016-01-21 20:05:08,090 [9] INFO  coloredRichTextBoxAppender [(null)] - eposHttpServer start... success
2016-01-21 20:06:39,738 [8] INFO  coloredRichTextBoxAppender [(null)] - Terminals.Count:3
2016-01-21 20:06:39,960 [8] INFO  coloredRichTextBoxAppender [(null)] - load terminal infos  ... success
2016-01-21 20:06:40,105 [8] INFO  coloredRichTextBoxAppender [(null)] - ......
2016-01-21 20:06:41,164 [8] INFO  coloredRichTextBoxAppender [(null)] - 22160881 IsAuthenticated - TerminalInitializationFailed
2016-01-21 20:06:41,166 [8] INFO  coloredRichTextBoxAppender [(null)] - ......
2016-01-21 20:06:41,339 [8] INFO  coloredRichTextBoxAppender [(null)] - 22160324 IsAuthenticated - TerminalInitializationFailed
2016-01-21 20:06:41,340 [8] INFO  coloredRichTextBoxAppender [(null)] - ......
2016-01-21 20:06:41,520 [8] INFO  coloredRichTextBoxAppender [(null)] - 22160325 IsAuthenticated - TerminalInitializationFailed
2016-01-21 20:06:45,498 [8] INFO  coloredRichTextBoxAppender [(null)] - eposHttpServer start... success
2016-01-21 20:08:12,487 [10] INFO  coloredRichTextBoxAppender [(null)] - Terminals.Count:3
2016-01-21 20:08:12,716 [10] INFO  coloredRichTextBoxAppender [(null)] - load terminal infos  ... success
2016-01-21 20:08:12,880 [10] INFO  coloredRichTextBoxAppender [(null)] - ......
2016-01-21 20:08:13,925 [10] INFO  coloredRichTextBoxAppender [(null)] - 22160881 IsAuthenticated - TerminalInitializationFailed
2016-01-21 20:08:13,929 [10] INFO  coloredRichTextBoxAppender [(null)] - ......
2016-01-21 20:08:14,098 [10] INFO  coloredRichTextBoxAppender [(null)] - 22160324 IsAuthenticated - TerminalInitializationFailed
2016-01-21 20:08:14,100 [10] INFO  coloredRichTextBoxAppender [(null)] - ......
2016-01-21 20:08:14,238 [10] INFO  coloredRichTextBoxAppender [(null)] - 22160325 IsAuthenticated - TerminalInitializationFailed
2016-01-21 20:08:14,258 [10] INFO  coloredRichTextBoxAppender [(null)] - eposHttpServer start... success
2016-01-21 20:08:20,482 [19] DEBUG coloredRichTextBoxAppender [(null)] - /
2016-01-21 20:08:20,781 [19] DEBUG coloredRichTextBoxAppender [(null)] - 
2016-01-21 20:08:21,587 [19] DEBUG coloredRichTextBoxAppender [(null)] - Request->
2016-01-21 20:08:30,048 [18] DEBUG coloredRichTextBoxAppender [(null)] - /favicon.ico
2016-01-21 20:08:30,062 [18] DEBUG coloredRichTextBoxAppender [(null)] - 
2016-01-21 20:08:30,062 [18] DEBUG coloredRichTextBoxAppender [(null)] - Request->
2016-01-21 20:09:14,061 [19] DEBUG coloredRichTextBoxAppender [(null)] - /retail/test
2016-01-21 20:09:14,066 [19] DEBUG coloredRichTextBoxAppender [(null)] - 
2016-01-21 20:09:14,067 [19] DEBUG coloredRichTextBoxAppender [(null)] - Request->
2016-01-21 20:09:14,102 [18] DEBUG coloredRichTextBoxAppender [(null)] - /favicon.ico
2016-01-21 20:09:14,104 [18] DEBUG coloredRichTextBoxAppender [(null)] - 
2016-01-21 20:09:14,105 [18] DEBUG coloredRichTextBoxAppender [(null)] - Request->
